<?xml version="1.0" encoding="UTF-8"?>
<!-- Generated by org.testng.reporters.JUnitReportReporter -->
<testsuite hostname="DESKTOP-3R5TTIF" failures="0" tests="1" name="OrganizationModule.CreateOrgWithPhNo" time="32.371" errors="0" timestamp="2025-06-06T16:43:00 IST" skipped="0">
  <testcase classname="OrganizationModule.CreateOrgWithPhNo" name="createOrganizationWithPhno" time="32.371"/>
</testsuite> <!-- OrganizationModule.CreateOrgWithPhNo -->
