<?xml version="1.0" encoding="UTF-8"?>
<!-- Generated by org.testng.reporters.JUnitReportReporter -->
<testsuite hostname="DESKTOP-3R5TTIF" failures="0" tests="1" name="OrganizationModule.CreateOrganization" time="28.856" errors="0" timestamp="2025-06-06T16:43:00 IST" skipped="0">
  <testcase classname="OrganizationModule.CreateOrganization" name="createOrg" time="28.856"/>
</testsuite> <!-- OrganizationModule.CreateOrganization -->
