<?xml version="1.0" encoding="UTF-8"?>
<!-- Generated by org.testng.reporters.JUnitReportReporter -->
<testsuite hostname="DESKTOP-3R5TTIF" failures="0" tests="1" name="ContactModule.CreateContactTest" time="26.155" errors="0" timestamp="2025-06-06T16:43:00 IST" skipped="0">
  <testcase classname="ContactModule.CreateContactTest" name="createContTest" time="26.155"/>
</testsuite> <!-- ContactModule.CreateContactTest -->
