<?xml version="1.0" encoding="UTF-8"?>
<!-- Generated by org.testng.reporters.JUnitReportReporter -->
<testsuite hostname="DESKTOP-3R5TTIF" failures="0" tests="3" name="OrganizationModule.OrgScenariosTest" time="94.533" errors="0" timestamp="2025-06-13T17:20:11 IST" skipped="0">
  <testcase classname="OrganizationModule.OrgScenariosTest" name="createOrg" time="33.508">
    <system-out>
      <![CDATA[On Test Execution started
Test method execution started <==createOrg==>
Test Execution Success
Test method execution successful <==createOrg==>]]>
    </system-out>
  </testcase> <!-- createOrg -->
  <testcase classname="OrganizationModule.OrgScenariosTest" name="createOrg_IndAndType" time="31.593">
    <system-out>
      <![CDATA[On Test Execution started
Test method execution started <==createOrg_IndAndType==>
Test Execution Success
Test method execution successful <==createOrg_IndAndType==>]]>
    </system-out>
  </testcase> <!-- createOrg_IndAndType -->
  <testcase classname="OrganizationModule.OrgScenariosTest" name="createOrganizationWithPhno" time="29.432">
    <system-out>
      <![CDATA[On Test Execution started
Test method execution started <==createOrganizationWithPhno==>
Test Execution Success
Test method execution successful <==createOrganizationWithPhno==>]]>
    </system-out>
  </testcase> <!-- createOrganizationWithPhno -->
  <system-out>
    <![CDATA[On Suite Execution started
Configure the Report
Connected with the database
Configure Parallel Exe
Launch the browser
Navigated and logged in
On Test Execution started
Test method execution started <==createConWithDate==>
Test Execution Success
Test method execution successful <==createConWithDate==>
logout
Navigated and logged in
On Test Execution started
Test method execution started <==createConWithOrg==>
Test Execution Success
Test method execution successful <==createConWithOrg==>
logout
Navigated and logged in
On Test Execution started
Test method execution started <==createContTest==>
Test Execution Success
Test method execution successful <==createContTest==>
logout
Close the browser
Launch the browser
Navigated and logged in
On Test Execution started
Test method execution started <==createOrg==>
Test Execution Success
Test method execution successful <==createOrg==>
logout
Navigated and logged in
On Test Execution started
Test method execution started <==createOrg_IndAndType==>
Test Execution Success
Test method execution successful <==createOrg_IndAndType==>
logout
Navigated and logged in
On Test Execution started
Test method execution started <==createOrganizationWithPhno==>
Test Execution Success
Test method execution successful <==createOrganizationWithPhno==>
logout
Close the browser
Close the parallel Exe
Disconnected with the Database]]>
  </system-out>
</testsuite> <!-- OrganizationModule.OrgScenariosTest -->
