<?xml version="1.0" encoding="UTF-8"?>
<!-- Generated by org.testng.reporters.JUnitReportReporter -->
<testsuite hostname="DESKTOP-3R5TTIF" failures="0" tests="1" name="ContactModule.CreateContactWithSupportDate" time="28.871" errors="0" timestamp="2025-06-06T16:43:00 IST" skipped="0">
  <testcase classname="ContactModule.CreateContactWithSupportDate" name="createConWithDate" time="28.871"/>
</testsuite> <!-- ContactModule.CreateContactWithSupportDate -->
