<?xml version="1.0" encoding="UTF-8"?>
<!-- Generated by org.testng.reporters.JUnitReportReporter -->
<testsuite hostname="DESKTOP-3R5TTIF" failures="0" tests="1" name="ContactModule.CreateContactWithOrgTest" time="49.609" errors="0" timestamp="2025-06-06T16:49:14 IST" skipped="0">
  <testcase classname="ContactModule.CreateContactWithOrgTest" name="createConWithOrg" time="49.609"/>
</testsuite> <!-- ContactModule.CreateContactWithOrgTest -->
