<?xml version="1.0" encoding="UTF-8"?>
<!-- Generated by org.testng.reporters.JUnitReportReporter -->
<testsuite hostname="DESKTOP-3R5TTIF" failures="0" tests="1" name="OrganizationModule.CreateOrgWithIndustryAndType" time="29.173" errors="0" timestamp="2025-06-06T16:43:00 IST" skipped="0">
  <testcase classname="OrganizationModule.CreateOrgWithIndustryAndType" name="createOrg_IndAndType" time="29.173"/>
</testsuite> <!-- OrganizationModule.CreateOrgWithIndustryAndType -->
