<?xml version="1.0" encoding="UTF-8"?>
<!-- Generated by org.testng.reporters.JUnitReportReporter -->
<testsuite hostname="DESKTOP-3R5TTIF" failures="0" tests="1" name="ContactModule.CreateContactWithOrgTest" time="60.608" errors="0" timestamp="2025-06-19T17:58:29 IST" skipped="0">
  <testcase classname="ContactModule.CreateContactWithOrgTest" name="createConWithOrg" time="60.608">
    <system-out>
      <![CDATA[On Test Execution started
Test Execution Success]]>
    </system-out>
  </testcase> <!-- createConWithOrg -->
  <system-out>
    <![CDATA[On Suite Execution started
Configure the Report
Connected with the database
Configure Parallel Exe
Launch the browser
Navigated and logged in
On Test Execution started
Test Execution Success
logout
Navigated and logged in
On Test Execution started
Test Execution Success
logout
Navigated and logged in
On Test Execution started
Test Execution Success
logout
Close the browser
Launch the browser
Navigated and logged in
On Test Execution started
Test Execution Success
logout
Close the browser
On Test Execution started
Test Execution Success
Launch the browser
Navigated and logged in
On Test Execution started
Test Execution Success
logout
Navigated and logged in
On Test Execution started
Test Execution Success
logout
Navigated and logged in
On Test Execution started
Test Execution Success
logout
Close the browser
Close the parallel Exe
Disconnected with the Database]]>
  </system-out>
</testsuite> <!-- ContactModule.CreateContactWithOrgTest -->
